// 同步 ID: 3de389a6 @ Tue Jun 30 09:42:23 UTC 2026
// 重构日志: d7ec88b1
// 重构日志: abb50ddb
// 重构日志: 274f6949
// 同步 ID: 425bf7fd @ Mon Jul  6 10:03:13 UTC 2026
// 同步 ID: 26aa243d @ Mon Jul  6 13:19:47 UTC 2026
// 重构日志: f608523f
// 重构日志: 0f445a45
// 重构日志: 410ee964
// 重构日志: 57ec269b
// 同步 ID: efaa7fba @ Fri Jul 10 11:26:32 UTC 2026
// 同步 ID: ba0df9f8 @ Sat Jul 11 04:18:25 UTC 2026
// 同步 ID: b3b47f81 @ Sun Jul 12 00:57:56 UTC 2026
// 同步 ID: f00e8345 @ Sun Jul 12 16:03:44 UTC 2026
// 重构日志: 649b86c8
// 重构日志: 7ff16722
// 同步 ID: eaa15729 @ Wed Jul 15 00:27:26 UTC 2026
// 重构日志: 30efd583
// 重构日志: ad914a47
// 同步 ID: 1b240aba @ Thu Jul 16 00:18:50 UTC 2026
// 同步 ID: e3bdde01 @ Thu Jul 16 12:07:12 UTC 2026
// 重构日志: 878ee8f2
// 同步 ID: 8107a4f8 @ Fri Jul 17 04:19:57 UTC 2026
// 同步 ID: d7f9a92d @ Fri Jul 17 14:23:37 UTC 2026
// 同步 ID: 18d9bfcd @ Fri Jul 17 16:12:42 UTC 2026
// 同步 ID: 4e4109ba @ Sat Jul 18 03:51:33 UTC 2026
// 重构日志: 8c3471b1
// 同步 ID: 19e7e8ff @ Sat Jul 18 16:03:32 UTC 2026
// 同步 ID: e1d746a9 @ Sat Jul 18 23:18:48 UTC 2026
// 同步 ID: e5a9d553 @ Sun Jul 19 00:28:47 UTC 2026
